<?xml version="1.0" encoding="UTF-8"?>
<!-- Generated by org.testng.reporters.JUnitReportReporter -->
<testsuite skipped="0" hostname="Kiruthik" name="Mock.Annotations" tests="2" failures="0" timestamp="30 Nov 2021 09:23:47 GMT" time="0.050" errors="0">
  <testcase name="resource" time="0.039" classname="Mock.Annotations"/>
  <testcase name="lead" time="0.011" classname="Mock.Annotations"/>
</testsuite> <!-- Mock.Annotations -->
