<?xml version="1.0" encoding="UTF-8"?>
<!-- Generated by org.testng.reporters.JUnitReportReporter -->
<testsuite skipped="0" hostname="Kiruthik" name="automationFramework.FetchDataFromExcelTest" tests="1" failures="0" timestamp="23 Nov 2021 07:18:30 GMT" time="1.719" errors="0">
  <testcase name="fetchData" time="1.719" classname="automationFramework.FetchDataFromExcelTest"/>
</testsuite> <!-- automationFramework.FetchDataFromExcelTest -->
