<?xml version="1.0" encoding="UTF-8"?>
<!-- Generated by org.testng.reporters.JUnitReportReporter -->
<testsuite skipped="1" hostname="Kiruthik" name="com.TestYantra.VTiger.Tl_01ClickLead" tests="2" failures="0" timestamp="09 Dec 2021 17:01:37 GMT" time="109.434" errors="0">
  <testcase name="createLead" time="69.251" classname="com.TestYantra.VTiger.Tl_01ClickLead">
    <skipped/>
  </testcase> <!-- createLead -->
  <testcase name="createLead" time="40.183" classname="com.TestYantra.VTiger.Tl_01ClickLead"/>
</testsuite> <!-- com.TestYantra.VTiger.Tl_01ClickLead -->
