<?xml version="1.0" encoding="UTF-8"?>
<!-- Generated by org.testng.reporters.JUnitReportReporter -->
<testsuite skipped="0" hostname="Kiruthik" name="com.TestYantra.VTiger.TLDemo2" tests="2" failures="0" timestamp="17 Feb 2022 10:10:30 GMT" time="44.502" errors="0">
  <testcase name="parallel" time="30.772" classname="com.TestYantra.VTiger.TLDemo2"/>
  <testcase name="parallelChrome" time="13.730" classname="com.TestYantra.VTiger.TLDemo2"/>
</testsuite> <!-- com.TestYantra.VTiger.TLDemo2 -->
