<?xml version="1.0" encoding="UTF-8"?>
<!-- Generated by org.testng.reporters.JUnitReportReporter -->
<testsuite skipped="0" hostname="Kiruthik" name="com.ReadWriteFromExternalFiles.ExcelDataProvide" tests="6" failures="0" timestamp="23 Jan 2022 12:32:10 GMT" time="0.070" errors="0">
  <testcase name="fetchingData" time="0.008" classname="com.ReadWriteFromExternalFiles.ExcelDataProvide"/>
  <testcase name="fetchingData" time="0.007" classname="com.ReadWriteFromExternalFiles.ExcelDataProvide"/>
  <testcase name="fetchingData" time="0.006" classname="com.ReadWriteFromExternalFiles.ExcelDataProvide"/>
  <testcase name="fetchingData" time="0.009" classname="com.ReadWriteFromExternalFiles.ExcelDataProvide"/>
  <testcase name="fetchingData" time="0.033" classname="com.ReadWriteFromExternalFiles.ExcelDataProvide"/>
  <testcase name="fetchingData" time="0.007" classname="com.ReadWriteFromExternalFiles.ExcelDataProvide"/>
</testsuite> <!-- com.ReadWriteFromExternalFiles.ExcelDataProvide -->
