<?xml version="1.0" encoding="UTF-8"?>
<!-- Generated by org.testng.reporters.JUnitReportReporter -->
<testsuite skipped="0" hostname="Kiruthik" name="Mock.FetchDataJson" tests="1" failures="0" timestamp="23 Nov 2021 07:18:30 GMT" time="0.068" errors="0">
  <testcase name="fetchData" time="0.068" classname="Mock.FetchDataJson"/>
</testsuite> <!-- Mock.FetchDataJson -->
