<?xml version="1.0" encoding="UTF-8"?>
<!-- Generated by org.testng.reporters.JUnitReportReporter -->
<testsuite skipped="0" hostname="Kiruthik" name="com.TestYantra.VTiger.Tl_06MemberOf" tests="1" failures="0" timestamp="06 Dec 2021 11:32:01 GMT" time="84.140" errors="0">
  <testcase name="memberOf" time="84.140" classname="com.TestYantra.VTiger.Tl_06MemberOf"/>
</testsuite> <!-- com.TestYantra.VTiger.Tl_06MemberOf -->
