<?xml version="1.0" encoding="UTF-8"?>
<!-- Generated by org.testng.reporters.JUnitReportReporter -->
<testsuite skipped="0" hostname="Kiruthik" name="automationFramework.FetchDataFromDataBase" tests="2" failures="0" timestamp="24 Nov 2021 07:05:32 GMT" time="0.115" errors="0">
  <testcase name="printAllColumnValue" time="0.110" classname="automationFramework.FetchDataFromDataBase"/>
  <testcase name="verifyValue" time="0.005" classname="automationFramework.FetchDataFromDataBase"/>
</testsuite> <!-- automationFramework.FetchDataFromDataBase -->
