<?xml version="1.0" encoding="UTF-8"?>
<!-- Generated by org.testng.reporters.JUnitReportReporter -->
<testsuite skipped="0" hostname="Kiruthik" name="com.Mock.Tyss.DependsOnMethods" tests="3" failures="0" timestamp="25 Nov 2021 12:30:11 GMT" time="0.100" errors="0">
  <testcase name="addToCart" time="0.008" classname="com.Mock.Tyss.DependsOnMethods"/>
  <testcase name="login" time="0.083" classname="com.Mock.Tyss.DependsOnMethods"/>
  <testcase name="logout" time="0.009" classname="com.Mock.Tyss.DependsOnMethods"/>
</testsuite> <!-- com.Mock.Tyss.DependsOnMethods -->
