<?xml version="1.0" encoding="UTF-8"?>
<!-- Generated by org.testng.reporters.JUnitReportReporter -->
<testsuite skipped="0" hostname="Kiruthik" name="automationFramework.Tl_01ClickLeadTest" tests="1" failures="0" timestamp="03 Jan 2022 10:01:13 GMT" time="65.681" errors="0">
  <testcase name="createLead" time="65.681" classname="automationFramework.Tl_01ClickLeadTest"/>
</testsuite> <!-- automationFramework.Tl_01ClickLeadTest -->
