<?xml version="1.0" encoding="UTF-8"?>
<!-- Generated by org.testng.reporters.JUnitReportReporter -->
<testsuite skipped="0" hostname="Kiruthik" name="com.crm.VTiger.ObjectRepository.Listener" tests="1" failures="0" timestamp="07 Dec 2021 10:04:52 GMT" time="0.054" errors="0">
  <testcase name="demo" time="0.054" classname="com.crm.VTiger.ObjectRepository.Listener"/>
</testsuite> <!-- com.crm.VTiger.ObjectRepository.Listener -->
