<?xml version="1.0" encoding="UTF-8"?>
<!-- Generated by org.testng.reporters.JUnitReportReporter -->
<testsuite skipped="0" hostname="Kiruthik" name="com.TestYantra.VTiger.Login" tests="2" failures="0" timestamp="17 Nov 2021 11:30:08 GMT" time="38.943" errors="0">
  <testcase name="loginPage" time="18.101" classname="com.TestYantra.VTiger.Login"/>
  <testcase name="createLead" time="20.842" classname="com.TestYantra.VTiger.Login"/>
</testsuite> <!-- com.TestYantra.VTiger.Login -->
