<?xml version="1.0" encoding="UTF-8"?>
<!-- Generated by org.testng.reporters.JUnitReportReporter -->
<testsuite skipped="0" hostname="Kiruthik" name="automationFramework.DemoTest" tests="1" failures="0" timestamp="11 Jan 2022 16:53:41 GMT" time="46.357" errors="0">
  <testcase name="createLead" time="46.357" classname="automationFramework.DemoTest"/>
</testsuite> <!-- automationFramework.DemoTest -->
