<?xml version="1.0" encoding="UTF-8"?>
<!-- Generated by org.testng.reporters.JUnitReportReporter -->
<testsuite skipped="0" hostname="Kiruthik" name="automationFramework.Tl_01ClickLeadTest" tests="1" failures="0" timestamp="20 Dec 2021 17:08:25 GMT" time="92.658" errors="0">
  <testcase name="createLead" time="92.658" classname="automationFramework.Tl_01ClickLeadTest"/>
</testsuite> <!-- automationFramework.Tl_01ClickLeadTest -->
