<?xml version="1.0" encoding="UTF-8"?>
<!-- Generated by org.testng.reporters.JUnitReportReporter -->
<testsuite skipped="0" hostname="Kiruthik" name="com.fileutility.JavaUtilities" tests="1" failures="0" timestamp="24 Nov 2021 07:44:48 GMT" time="0.111" errors="0">
  <testcase name="getSystemDate" time="0.111" classname="com.fileutility.JavaUtilities"/>
</testsuite> <!-- com.fileutility.JavaUtilities -->
