<?xml version="1.0" encoding="UTF-8"?>
<!-- Generated by org.testng.reporters.JUnitReportReporter -->
<testsuite skipped="0" hostname="Kiruthik" name="automationFramework.FetchDataFromJson" tests="1" failures="0" timestamp="23 Nov 2021 07:18:30 GMT" time="0.083" errors="0">
  <testcase name="data" time="0.083" classname="automationFramework.FetchDataFromJson"/>
</testsuite> <!-- automationFramework.FetchDataFromJson -->
