<?xml version="1.0" encoding="UTF-8"?>
<!-- Generated by org.testng.reporters.JUnitReportReporter -->
<testsuite skipped="0" hostname="Kiruthik" name="automationFramework.FetchDataFromProperty" tests="1" failures="0" timestamp="30 Nov 2021 10:04:10 GMT" time="0.096" errors="0">
  <testcase name="fetchData" time="0.096" classname="automationFramework.FetchDataFromProperty"/>
</testsuite> <!-- automationFramework.FetchDataFromProperty -->
