<?xml version="1.0" encoding="UTF-8"?>
<!-- Generated by org.testng.reporters.JUnitReportReporter -->
<testsuite skipped="0" hostname="Kiruthik" name="Mock.DataProviderStudent" tests="2" failures="0" timestamp="26 Nov 2021 15:30:01 GMT" time="0.041" errors="0">
  <testcase name="fetchStudentData" time="0.009" classname="Mock.DataProviderStudent"/>
  <testcase name="fetchStudentData" time="0.032" classname="Mock.DataProviderStudent"/>
</testsuite> <!-- Mock.DataProviderStudent -->
