<?xml version="1.0" encoding="UTF-8"?>
<!-- Generated by org.testng.reporters.JUnitReportReporter -->
<testsuite skipped="0" hostname="Kiruthik" name="com.crm.VTiger.ObjectRepository.TestDemoForRetryAnalyser" tests="2" failures="0" timestamp="09 Dec 2021 11:09:03 GMT" time="0.043" errors="0">
  <testcase name="toFail" time="0.038" classname="com.crm.VTiger.ObjectRepository.TestDemoForRetryAnalyser"/>
  <testcase name="toPass" time="0.005" classname="com.crm.VTiger.ObjectRepository.TestDemoForRetryAnalyser"/>
</testsuite> <!-- com.crm.VTiger.ObjectRepository.TestDemoForRetryAnalyser -->
