<?xml version="1.0" encoding="UTF-8"?>
<!-- Generated by org.testng.reporters.JUnitReportReporter -->
<testsuite skipped="0" hostname="Kiruthik" name="com.TestYantra.VTiger.TestCasesUpto10" tests="1" failures="0" timestamp="17 Nov 2021 07:43:48 GMT" time="23.924" errors="0">
  <testcase name="NavigateToLeadPage" time="23.924" classname="com.TestYantra.VTiger.TestCasesUpto10"/>
</testsuite> <!-- com.TestYantra.VTiger.TestCasesUpto10 -->
