<?xml version="1.0" encoding="UTF-8"?>
<!-- Generated by org.testng.reporters.JUnitReportReporter -->
<testsuite skipped="0" hostname="Kiruthik" name="automationFramework.ReadJson" tests="1" failures="0" timestamp="19 Nov 2021 11:22:57 GMT" time="0.108" errors="0">
  <testcase name="data" time="0.108" classname="automationFramework.ReadJson"/>
</testsuite> <!-- automationFramework.ReadJson -->
